<?xml version="1.0" encoding="UTF-8"?>
<!-- Generated by org.testng.reporters.JUnitReportReporter -->
<testsuite hostname="DESKTOP-SQUR7HE" failures="0" tests="1" name="com.framework.DataDriverFW" time="83.983" errors="0" timestamp="2023-12-06T17:59:09 IST" skipped="0">
  <testcase classname="com.framework.DataDriverFW" name="test" time="83.983"/>
  <system-out/>
</testsuite> <!-- com.framework.DataDriverFW -->
