<?xml version="1.0" encoding="UTF-8"?>
<!-- Generated by org.testng.reporters.JUnitReportReporter -->
<testsuite hostname="DESKTOP-SQUR7HE" failures="0" tests="3" name="com.testng.TestPriority" time="0.005" errors="0" timestamp="2023-12-04T17:46:04 IST" skipped="0">
  <testcase classname="com.testng.TestPriority" name="test2" time="0.004"/>
  <system-out/>
  <testcase classname="com.testng.TestPriority" name="test3" time="0.001"/>
  <system-out/>
  <testcase classname="com.testng.TestPriority" name="test1" time="0.000"/>
  <system-out/>
</testsuite> <!-- com.testng.TestPriority -->
