<?xml version="1.0" encoding="UTF-8"?>
<!-- Generated by org.testng.reporters.JUnitReportReporter -->
<testsuite hostname="DESKTOP-SQUR7HE" failures="0" tests="2" name="com.testng.FirstTestNG" time="8.385" errors="0" timestamp="2023-12-02T11:38:54 IST" skipped="0">
  <testcase classname="com.testng.FirstTestNG" name="login" time="4.254"/>
  <system-out/>
  <testcase classname="com.testng.FirstTestNG" name="logout" time="4.131"/>
  <system-out/>
</testsuite> <!-- com.testng.FirstTestNG -->
