<?xml version="1.0" encoding="UTF-8"?>
<!-- Generated by org.testng.reporters.JUnitReportReporter -->
<testsuite hostname="DESKTOP-SQUR7HE" failures="0" tests="6" name="com.framework.DataDriverFW" time="16.809" errors="0" timestamp="2023-12-11T18:16:59 IST" skipped="0">
  <testcase classname="com.framework.DataDriverFW" name="test" time="3.109"/>
  <system-out/>
  <testcase classname="com.framework.DataDriverFW" name="test" time="2.111"/>
  <system-out/>
  <testcase classname="com.framework.DataDriverFW" name="test" time="0.082"/>
  <system-out/>
  <testcase classname="com.framework.DataDriverFW" name="test" time="2.073"/>
  <system-out/>
  <testcase classname="com.framework.DataDriverFW" name="test" time="5.987"/>
  <system-out/>
  <testcase classname="com.framework.DataDriverFW" name="test" time="3.447"/>
  <system-out/>
</testsuite> <!-- com.framework.DataDriverFW -->
