<?xml version="1.0" encoding="UTF-8"?>
<!-- Generated by org.testng.reporters.JUnitReportReporter -->
<testsuite hostname="DESKTOP-SQUR7HE" failures="0" tests="2" name="com.testng.SuiteDemo4" time="13.363" errors="0" timestamp="2023-12-04T18:19:25 IST" skipped="0">
  <testcase classname="com.testng.SuiteDemo4" name="logout" time="4.137"/>
  <system-out/>
  <testcase classname="com.testng.SuiteDemo4" name="login" time="9.226"/>
  <system-out/>
</testsuite> <!-- com.testng.SuiteDemo4 -->
