<?xml version="1.0" encoding="UTF-8"?>
<!-- Generated by org.testng.reporters.JUnitReportReporter -->
<testsuite hostname="DESKTOP-SQUR7HE" failures="0" tests="5" name="com.testng.GroupTestDemo" time="0.006" errors="0" timestamp="2023-12-04T18:01:06 IST" skipped="0">
  <testcase classname="com.testng.GroupTestDemo" name="blue2" time="0.001"/>
  <system-out/>
  <testcase classname="com.testng.GroupTestDemo" name="blue1" time="0.005"/>
  <system-out/>
  <testcase classname="com.testng.GroupTestDemo" name="blue3" time="0.000"/>
  <system-out/>
  <testcase classname="com.testng.GroupTestDemo" name="blue_red" time="0.000"/>
  <system-out/>
  <testcase classname="com.testng.GroupTestDemo" name="blue_green" time="0.000"/>
  <system-out/>
</testsuite> <!-- com.testng.GroupTestDemo -->
