<?xml version="1.0" encoding="UTF-8"?>
<!-- Generated by org.testng.reporters.JUnitReportReporter -->
<testsuite hostname="DESKTOP-SQUR7HE" failures="0" tests="2" name="com.testng.SuiteDemo5" time="8.371" errors="0" timestamp="2023-12-04T18:19:25 IST" skipped="0">
  <testcase classname="com.testng.SuiteDemo5" name="login" time="4.251"/>
  <system-out/>
  <testcase classname="com.testng.SuiteDemo5" name="logout" time="4.120"/>
  <system-out/>
</testsuite> <!-- com.testng.SuiteDemo5 -->
